TN:
SF:/Users/andres/www/workspace/ui/src/polyfills.ts
FNF:0
FNH:0
LF:0
LH:0
BRF:0
BRH:0
end_of_record
TN:
SF:/Users/andres/www/workspace/ui/src/test.ts
FNF:0
FNH:0
DA:13,1
DA:18,1
DA:20,1
LF:3
LH:3
BRF:0
BRH:0
end_of_record
TN:
SF:/Users/andres/www/workspace/ui/src/app/app-routing.module.ts
FN:14,(anonymous_1)
FN:14,(anonymous_2)
FN:18,(anonymous_3)
FN:18,(anonymous_4)
FN:23,(anonymous_5)
FN:23,(anonymous_6)
FN:28,(anonymous_7)
FN:28,(anonymous_8)
FN:33,(anonymous_9)
FN:33,(anonymous_10)
FN:37,(anonymous_11)
FN:37,(anonymous_12)
FNF:12
FNH:0
FNDA:0,(anonymous_1)
FNDA:0,(anonymous_2)
FNDA:0,(anonymous_3)
FNDA:0,(anonymous_4)
FNDA:0,(anonymous_5)
FNDA:0,(anonymous_6)
FNDA:0,(anonymous_7)
FNDA:0,(anonymous_8)
FNDA:0,(anonymous_9)
FNDA:0,(anonymous_10)
FNDA:0,(anonymous_11)
FNDA:0,(anonymous_12)
DA:5,1
DA:14,0
DA:18,0
DA:23,0
DA:28,0
DA:33,0
DA:37,0
DA:51,1
LF:8
LH:2
BRF:0
BRH:0
end_of_record
TN:
SF:/Users/andres/www/workspace/ui/src/app/app.component.ts
FN:10,(anonymous_3)
FNF:1
FNH:1
FNDA:2,(anonymous_3)
DA:8,1
LF:1
LH:1
BRF:0
BRH:0
end_of_record
TN:
SF:/Users/andres/www/workspace/ui/src/app/stubs.ts
FN:5,(anonymous_1)
FN:8,(anonymous_2)
FNF:2
FNH:0
FNDA:0,(anonymous_1)
FNDA:0,(anonymous_2)
DA:5,1
DA:6,0
DA:9,0
LF:3
LH:1
BRF:0
BRH:0
end_of_record
TN:
SF:/Users/andres/www/workspace/ui/src/app/routes/+contacts/contacts.component.ts
FN:48,(anonymous_3)
FN:60,(anonymous_4)
FN:65,(anonymous_5)
FN:70,(anonymous_6)
FN:82,(anonymous_7)
FN:88,(anonymous_8)
FN:93,(anonymous_9)
FN:98,(anonymous_10)
FN:102,(anonymous_11)
FN:111,(anonymous_12)
FNF:10
FNH:2
FNDA:1,(anonymous_3)
FNDA:0,(anonymous_4)
FNDA:0,(anonymous_5)
FNDA:0,(anonymous_6)
FNDA:0,(anonymous_7)
FNDA:0,(anonymous_8)
FNDA:0,(anonymous_9)
FNDA:0,(anonymous_10)
FNDA:0,(anonymous_11)
FNDA:1,(anonymous_12)
DA:22,1
DA:25,1
DA:26,1
DA:28,1
DA:30,1
DA:35,1
DA:36,1
DA:37,1
DA:39,1
DA:41,1
DA:44,1
DA:49,1
DA:50,1
DA:51,1
DA:52,1
DA:53,1
DA:54,1
DA:55,1
DA:56,1
DA:57,1
DA:61,0
DA:62,0
DA:66,0
DA:67,0
DA:71,0
DA:72,0
DA:75,0
DA:77,0
DA:78,0
DA:83,0
DA:84,0
DA:89,0
DA:90,0
DA:94,0
DA:95,0
DA:99,0
DA:103,0
DA:104,0
DA:106,0
DA:107,0
DA:112,1
DA:113,0
LF:42
LH:21
BRDA:71,0,0,0
BRDA:71,0,1,0
BRDA:103,1,0,0
BRDA:103,1,1,0
BRDA:112,2,0,0
BRDA:112,2,1,1
BRF:6
BRH:1
end_of_record
TN:
SF:/Users/andres/www/workspace/ui/src/app/routes/+contacts/details/contact-details.component.ts
FN:34,(anonymous_3)
FN:44,(anonymous_4)
FN:51,(anonymous_5)
FN:57,(anonymous_6)
FN:65,(anonymous_7)
FN:68,(anonymous_8)
FN:77,(anonymous_9)
FN:79,(anonymous_10)
FN:86,(anonymous_11)
FN:92,(anonymous_12)
FN:98,(anonymous_13)
FN:105,(anonymous_14)
FN:111,(anonymous_15)
FN:115,(anonymous_16)
FNF:14
FNH:2
FNDA:1,(anonymous_3)
FNDA:0,(anonymous_4)
FNDA:0,(anonymous_5)
FNDA:0,(anonymous_6)
FNDA:0,(anonymous_7)
FNDA:0,(anonymous_8)
FNDA:0,(anonymous_9)
FNDA:0,(anonymous_10)
FNDA:0,(anonymous_11)
FNDA:0,(anonymous_12)
FNDA:0,(anonymous_13)
FNDA:0,(anonymous_14)
FNDA:0,(anonymous_15)
FNDA:1,(anonymous_16)
DA:22,1
DA:23,1
DA:24,1
DA:35,1
DA:36,1
DA:37,1
DA:38,1
DA:39,1
DA:40,1
DA:41,1
DA:45,0
DA:46,0
DA:47,0
DA:48,0
DA:52,0
DA:54,0
DA:55,0
DA:58,0
DA:59,0
DA:66,0
DA:68,0
DA:69,0
DA:70,0
DA:73,0
DA:78,0
DA:79,0
DA:80,0
DA:83,0
DA:87,0
DA:93,0
DA:94,0
DA:99,0
DA:101,0
DA:102,0
DA:106,0
DA:112,0
LF:36
LH:10
BRDA:47,0,0,0
BRDA:47,0,1,0
BRDA:69,1,0,0
BRDA:69,1,1,0
BRF:4
BRH:0
end_of_record
TN:
SF:/Users/andres/www/workspace/ui/src/app/routes/+contacts/edit/contacts-edit.component.ts
FN:45,(anonymous_3)
FN:56,(anonymous_4)
FN:58,(anonymous_5)
FN:66,(anonymous_6)
FN:75,(anonymous_7)
FN:83,(anonymous_8)
FN:85,(anonymous_9)
FN:96,(anonymous_10)
FN:117,(anonymous_11)
FN:130,(anonymous_12)
FN:160,(anonymous_13)
FN:166,(anonymous_14)
FN:167,(anonymous_15)
FN:175,(anonymous_16)
FN:180,(anonymous_17)
FN:186,(anonymous_18)
FN:201,(anonymous_19)
FN:208,uploadProgress
FN:209,(anonymous_22)
FNF:19
FNH:2
FNDA:1,(anonymous_3)
FNDA:0,(anonymous_4)
FNDA:0,(anonymous_5)
FNDA:0,(anonymous_6)
FNDA:0,(anonymous_7)
FNDA:0,(anonymous_8)
FNDA:0,(anonymous_9)
FNDA:0,(anonymous_10)
FNDA:0,(anonymous_11)
FNDA:0,(anonymous_12)
FNDA:0,(anonymous_13)
FNDA:0,(anonymous_14)
FNDA:0,(anonymous_15)
FNDA:0,(anonymous_16)
FNDA:0,(anonymous_17)
FNDA:0,(anonymous_18)
FNDA:1,(anonymous_19)
FNDA:0,uploadProgress
FNDA:0,(anonymous_22)
DA:24,1
DA:31,1
DA:39,1
DA:46,1
DA:47,1
DA:48,1
DA:49,1
DA:50,1
DA:51,1
DA:52,1
DA:53,1
DA:57,0
DA:58,0
DA:59,0
DA:62,0
DA:63,0
DA:64,0
DA:67,0
DA:69,0
DA:76,0
DA:84,0
DA:85,0
DA:86,0
DA:89,0
DA:91,0
DA:93,0
DA:97,0
DA:98,0
DA:99,0
DA:100,0
DA:106,0
DA:107,0
DA:108,0
DA:109,0
DA:111,0
DA:112,0
DA:114,0
DA:115,0
DA:118,0
DA:119,0
DA:121,0
DA:123,0
DA:128,0
DA:131,0
DA:132,0
DA:133,0
DA:136,0
DA:137,0
DA:142,0
DA:148,0
DA:151,0
DA:152,0
DA:161,0
DA:167,0
DA:168,0
DA:169,0
DA:170,0
DA:176,0
DA:177,0
DA:181,0
DA:183,0
DA:184,0
DA:185,0
DA:186,0
DA:187,0
DA:193,0
DA:196,0
DA:202,1
DA:203,0
DA:209,0
DA:210,0
DA:211,0
LF:72
LH:12
BRDA:62,0,0,0
BRDA:62,0,1,0
BRDA:72,1,0,0
BRDA:72,1,1,0
BRDA:98,2,0,0
BRDA:98,2,1,0
BRDA:114,3,0,0
BRDA:114,3,1,0
BRDA:119,4,0,0
BRDA:119,4,1,0
BRDA:132,5,0,0
BRDA:132,5,1,0
BRDA:168,6,0,0
BRDA:168,6,1,0
BRDA:177,7,0,0
BRDA:177,7,1,0
BRDA:185,8,0,0
BRDA:185,8,1,0
BRDA:202,9,0,0
BRDA:202,9,1,1
BRDA:210,10,0,0
BRDA:210,10,1,0
BRF:22
BRH:1
end_of_record
TN:
SF:/Users/andres/www/workspace/ui/src/app/routes/+contacts/new/contacts-new.component.ts
FN:35,(anonymous_3)
FN:44,(anonymous_4)
FN:49,(anonymous_5)
FN:53,(anonymous_6)
FN:60,(anonymous_7)
FN:70,(anonymous_8)
FN:84,(anonymous_9)
FN:85,(anonymous_10)
FN:86,(anonymous_11)
FN:91,(anonymous_12)
FN:99,(anonymous_13)
FNF:11
FNH:2
FNDA:1,(anonymous_3)
FNDA:0,(anonymous_4)
FNDA:0,(anonymous_5)
FNDA:0,(anonymous_6)
FNDA:0,(anonymous_7)
FNDA:0,(anonymous_8)
FNDA:0,(anonymous_9)
FNDA:0,(anonymous_10)
FNDA:0,(anonymous_11)
FNDA:0,(anonymous_12)
FNDA:1,(anonymous_13)
DA:18,1
DA:21,1
DA:22,1
DA:24,1
DA:30,1
DA:36,1
DA:37,1
DA:38,1
DA:39,1
DA:40,1
DA:41,1
DA:45,0
DA:50,0
DA:51,0
DA:54,0
DA:61,0
DA:62,0
DA:63,0
DA:68,0
DA:71,0
DA:72,0
DA:73,0
DA:74,0
DA:79,0
DA:85,0
DA:86,0
DA:87,0
DA:92,0
DA:93,0
DA:95,0
DA:100,1
DA:101,0
LF:32
LH:12
BRDA:61,0,0,0
BRDA:61,0,1,0
BRDA:72,1,0,0
BRDA:72,1,1,0
BRDA:100,2,0,0
BRDA:100,2,1,1
BRF:6
BRH:1
end_of_record
TN:
SF:/Users/andres/www/workspace/ui/src/app/routes/+home/home.component.ts
FN:64,(anonymous_3)
FN:69,(anonymous_4)
FN:88,(anonymous_5)
FN:90,(anonymous_6)
FN:98,(anonymous_7)
FN:101,(anonymous_8)
FN:106,(anonymous_9)
FN:123,(anonymous_10)
FN:125,(anonymous_11)
FN:127,(anonymous_12)
FN:128,(anonymous_13)
FN:139,(anonymous_14)
FN:144,(anonymous_15)
FN:158,(anonymous_16)
FN:159,(anonymous_17)
FN:173,(anonymous_18)
FN:186,(anonymous_19)
FNF:17
FNH:3
FNDA:4,(anonymous_3)
FNDA:4,(anonymous_4)
FNDA:0,(anonymous_5)
FNDA:0,(anonymous_6)
FNDA:0,(anonymous_7)
FNDA:0,(anonymous_8)
FNDA:0,(anonymous_9)
FNDA:0,(anonymous_10)
FNDA:0,(anonymous_11)
FNDA:0,(anonymous_12)
FNDA:0,(anonymous_13)
FNDA:0,(anonymous_14)
FNDA:0,(anonymous_15)
FNDA:0,(anonymous_16)
FNDA:0,(anonymous_17)
FNDA:0,(anonymous_18)
FNDA:4,(anonymous_19)
DA:18,1
DA:19,4
DA:20,4
DA:21,4
DA:22,4
DA:23,4
DA:26,4
DA:47,4
DA:65,4
DA:66,4
DA:89,0
DA:90,0
DA:91,0
DA:94,0
DA:99,0
DA:100,0
DA:101,0
DA:104,0
DA:106,0
DA:107,0
DA:108,0
DA:110,0
DA:111,0
DA:112,0
DA:113,0
DA:115,0
DA:119,0
DA:124,0
DA:125,0
DA:126,0
DA:127,0
DA:128,0
DA:135,0
DA:143,0
DA:144,0
DA:145,0
DA:146,0
DA:147,0
DA:152,0
DA:153,0
DA:154,0
DA:159,0
DA:160,0
DA:161,0
DA:165,0
DA:166,0
DA:168,0
DA:169,0
DA:172,0
DA:173,0
DA:175,0
DA:176,0
DA:177,0
DA:179,0
DA:187,4
DA:188,0
LF:56
LH:11
BRDA:89,0,0,0
BRDA:89,0,1,0
BRDA:99,1,0,0
BRDA:99,1,1,0
BRDA:101,2,0,0
BRDA:101,2,1,0
BRDA:110,3,0,0
BRDA:110,3,1,0
BRDA:111,4,0,0
BRDA:111,4,1,0
BRDA:112,5,0,0
BRDA:112,5,1,0
BRDA:113,6,0,0
BRDA:113,6,1,0
BRDA:124,7,0,0
BRDA:124,7,1,0
BRDA:127,8,0,0
BRDA:127,8,1,0
BRDA:143,9,0,0
BRDA:143,9,1,0
BRDA:145,10,0,0
BRDA:145,10,1,0
BRDA:152,11,0,0
BRDA:152,11,1,0
BRDA:160,12,0,0
BRDA:160,12,1,0
BRDA:165,13,0,0
BRDA:165,13,1,0
BRDA:176,14,0,0
BRDA:176,14,1,0
BRDA:187,15,0,0
BRDA:187,15,1,4
BRF:32
BRH:1
end_of_record
TN:
SF:/Users/andres/www/workspace/ui/src/app/routes/+list/list.component.ts
FN:46,(anonymous_3)
FN:62,(anonymous_4)
FN:68,(anonymous_5)
FN:74,(anonymous_6)
FN:78,(anonymous_7)
FN:86,(anonymous_8)
FN:97,(anonymous_9)
FN:103,(anonymous_10)
FN:112,(anonymous_11)
FN:128,(anonymous_12)
FN:129,(anonymous_13)
FN:130,(anonymous_14)
FN:135,(anonymous_15)
FN:147,(anonymous_16)
FNF:14
FNH:2
FNDA:1,(anonymous_3)
FNDA:0,(anonymous_4)
FNDA:0,(anonymous_5)
FNDA:0,(anonymous_6)
FNDA:0,(anonymous_7)
FNDA:0,(anonymous_8)
FNDA:0,(anonymous_9)
FNDA:0,(anonymous_10)
FNDA:0,(anonymous_11)
FNDA:0,(anonymous_12)
FNDA:0,(anonymous_13)
FNDA:0,(anonymous_14)
FNDA:0,(anonymous_15)
FNDA:1,(anonymous_16)
DA:22,1
DA:25,1
DA:26,1
DA:28,1
DA:33,1
DA:34,1
DA:35,1
DA:37,1
DA:39,1
DA:42,1
DA:47,1
DA:48,1
DA:49,1
DA:50,1
DA:51,1
DA:52,1
DA:53,1
DA:54,1
DA:63,0
DA:65,0
DA:69,0
DA:70,0
DA:75,0
DA:76,0
DA:79,0
DA:80,0
DA:87,0
DA:88,0
DA:89,0
DA:94,0
DA:95,0
DA:98,0
DA:99,0
DA:100,0
DA:101,0
DA:103,0
DA:104,0
DA:105,0
DA:110,0
DA:113,0
DA:114,0
DA:115,0
DA:116,0
DA:117,0
DA:123,0
DA:129,0
DA:130,0
DA:131,0
DA:136,0
DA:137,0
DA:148,1
DA:149,0
LF:52
LH:19
BRDA:87,0,0,0
BRDA:87,0,1,0
BRDA:87,1,0,0
BRDA:87,1,1,0
BRDA:94,2,0,0
BRDA:94,2,1,0
BRDA:99,3,0,0
BRDA:99,3,1,0
BRDA:114,4,0,0
BRDA:114,4,1,0
BRDA:148,5,0,0
BRDA:148,5,1,1
BRF:12
BRH:1
end_of_record
TN:
SF:/Users/andres/www/workspace/ui/src/app/routes/+login/login.component.ts
FN:36,(anonymous_3)
FN:45,(anonymous_4)
FN:48,(anonymous_5)
FN:63,(anonymous_6)
FN:77,(anonymous_7)
FN:92,(anonymous_8)
FN:96,(anonymous_9)
FN:121,(anonymous_10)
FN:130,(anonymous_11)
FN:145,(anonymous_12)
FN:159,(anonymous_13)
FN:165,(anonymous_14)
FN:172,(anonymous_15)
FN:178,(anonymous_16)
FNF:14
FNH:0
FNDA:0,(anonymous_3)
FNDA:0,(anonymous_4)
FNDA:0,(anonymous_5)
FNDA:0,(anonymous_6)
FNDA:0,(anonymous_7)
FNDA:0,(anonymous_8)
FNDA:0,(anonymous_9)
FNDA:0,(anonymous_10)
FNDA:0,(anonymous_11)
FNDA:0,(anonymous_12)
FNDA:0,(anonymous_13)
FNDA:0,(anonymous_14)
FNDA:0,(anonymous_15)
FNDA:0,(anonymous_16)
DA:19,1
DA:22,0
DA:23,0
DA:24,0
DA:25,0
DA:27,0
DA:32,0
DA:37,0
DA:38,0
DA:39,0
DA:40,0
DA:41,0
DA:42,0
DA:49,0
DA:50,0
DA:51,0
DA:52,0
DA:54,0
DA:59,0
DA:64,0
DA:65,0
DA:66,0
DA:68,0
DA:74,0
DA:78,0
DA:79,0
DA:80,0
DA:81,0
DA:82,0
DA:87,0
DA:93,0
DA:97,0
DA:98,0
DA:100,0
DA:101,0
DA:112,0
DA:113,0
DA:121,0
DA:122,0
DA:123,0
DA:126,0
DA:131,0
DA:132,0
DA:133,0
DA:146,0
DA:147,0
DA:148,0
DA:149,0
DA:150,0
DA:155,0
DA:160,0
DA:166,0
DA:173,0
DA:174,0
DA:175,0
LF:55
LH:1
BRDA:49,0,0,0
BRDA:49,0,1,0
BRDA:64,1,0,0
BRDA:64,1,1,0
BRDA:100,2,0,0
BRDA:100,2,1,0
BRDA:131,3,0,0
BRDA:131,3,1,0
BRDA:160,4,0,0
BRDA:160,4,1,0
BRDA:161,5,0,0
BRDA:161,5,1,0
BRDA:162,6,0,0
BRDA:162,6,1,0
BRDA:167,7,0,0
BRDA:167,7,1,0
BRDA:169,8,0,0
BRDA:169,8,1,0
BRDA:175,9,0,0
BRDA:175,9,1,0
BRDA:175,10,0,0
BRDA:175,10,1,0
BRF:22
BRH:0
end_of_record
TN:
SF:/Users/andres/www/workspace/ui/src/app/routes/+profile/profile.component.ts
FN:62,(anonymous_3)
FN:71,(anonymous_4)
FN:85,(anonymous_5)
FN:94,(anonymous_6)
FN:101,(anonymous_7)
FN:115,(anonymous_8)
FN:123,(anonymous_9)
FN:145,(anonymous_10)
FN:153,(anonymous_11)
FN:163,(anonymous_12)
FN:185,(anonymous_13)
FN:199,(anonymous_14)
FN:213,(anonymous_15)
FN:227,(anonymous_16)
FN:228,(anonymous_17)
FN:231,(anonymous_18)
FN:235,(anonymous_19)
FN:240,(anonymous_20)
FN:246,(anonymous_21)
FNF:19
FNH:0
FNDA:0,(anonymous_3)
FNDA:0,(anonymous_4)
FNDA:0,(anonymous_5)
FNDA:0,(anonymous_6)
FNDA:0,(anonymous_7)
FNDA:0,(anonymous_8)
FNDA:0,(anonymous_9)
FNDA:0,(anonymous_10)
FNDA:0,(anonymous_11)
FNDA:0,(anonymous_12)
FNDA:0,(anonymous_13)
FNDA:0,(anonymous_14)
FNDA:0,(anonymous_15)
FNDA:0,(anonymous_16)
FNDA:0,(anonymous_17)
FNDA:0,(anonymous_18)
FNDA:0,(anonymous_19)
FNDA:0,(anonymous_20)
FNDA:0,(anonymous_21)
DA:22,1
DA:25,0
DA:26,0
DA:27,0
DA:28,0
DA:29,0
DA:30,0
DA:31,0
DA:35,0
DA:37,0
DA:44,0
DA:46,0
DA:63,0
DA:64,0
DA:65,0
DA:66,0
DA:67,0
DA:68,0
DA:72,0
DA:74,0
DA:75,0
DA:76,0
DA:77,0
DA:81,0
DA:86,0
DA:87,0
DA:88,0
DA:89,0
DA:90,0
DA:91,0
DA:95,0
DA:96,0
DA:102,0
DA:115,0
DA:116,0
DA:119,0
DA:120,0
DA:124,0
DA:138,0
DA:139,0
DA:146,0
DA:147,0
DA:148,0
DA:149,0
DA:150,0
DA:154,0
DA:155,0
DA:158,0
DA:159,0
DA:164,0
DA:165,0
DA:166,0
DA:167,0
DA:168,0
DA:169,0
DA:171,0
DA:185,0
DA:186,0
DA:193,0
DA:195,0
DA:200,0
DA:201,0
DA:202,0
DA:203,0
DA:206,0
DA:214,0
DA:215,0
DA:216,0
DA:217,0
DA:222,0
DA:228,0
DA:232,0
DA:236,0
DA:237,0
DA:241,0
DA:242,0
DA:243,0
LF:77
LH:1
BRDA:75,0,0,0
BRDA:75,0,1,0
BRDA:86,1,0,0
BRDA:86,1,1,0
BRDA:89,2,0,0
BRDA:89,2,1,0
BRDA:146,3,0,0
BRDA:146,3,1,0
BRDA:166,4,0,0
BRDA:166,4,1,0
BRDA:189,5,0,0
BRDA:189,5,1,0
BRDA:200,6,0,0
BRDA:200,6,1,0
BRDA:200,7,0,0
BRDA:200,7,1,0
BRDA:228,8,0,0
BRDA:228,8,1,0
BRDA:236,9,0,0
BRDA:236,9,1,0
BRF:20
BRH:0
end_of_record
TN:
SF:/Users/andres/www/workspace/ui/src/app/routes/+public/public.component.ts
FN:26,(anonymous_3)
FN:34,(anonymous_4)
FN:39,(anonymous_5)
FN:47,(anonymous_6)
FN:50,(anonymous_7)
FN:58,(anonymous_8)
FN:66,(anonymous_9)
FN:69,(anonymous_10)
FN:75,(anonymous_11)
FNF:9
FNH:0
FNDA:0,(anonymous_3)
FNDA:0,(anonymous_4)
FNDA:0,(anonymous_5)
FNDA:0,(anonymous_6)
FNDA:0,(anonymous_7)
FNDA:0,(anonymous_8)
FNDA:0,(anonymous_9)
FNDA:0,(anonymous_10)
FNDA:0,(anonymous_11)
DA:17,1
DA:20,0
DA:27,0
DA:28,0
DA:29,0
DA:30,0
DA:31,0
DA:35,0
DA:36,0
DA:38,0
DA:39,0
DA:40,0
DA:43,0
DA:44,0
DA:45,0
DA:48,0
DA:51,0
DA:59,0
DA:60,0
DA:63,0
DA:64,0
DA:67,0
DA:70,0
DA:76,0
LF:24
LH:1
BRDA:43,0,0,0
BRDA:43,0,1,0
BRDA:59,1,0,0
BRDA:59,1,1,0
BRF:4
BRH:0
end_of_record
TN:
SF:/Users/andres/www/workspace/ui/src/app/routes/+register/register.component.ts
FN:34,(anonymous_3)
FN:41,(anonymous_4)
FN:50,(anonymous_5)
FN:67,(anonymous_6)
FN:78,(anonymous_7)
FN:83,(anonymous_8)
FN:99,(anonymous_9)
FN:103,(anonymous_10)
FNF:8
FNH:2
FNDA:1,(anonymous_3)
FNDA:0,(anonymous_4)
FNDA:0,(anonymous_5)
FNDA:0,(anonymous_6)
FNDA:0,(anonymous_7)
FNDA:0,(anonymous_8)
FNDA:0,(anonymous_9)
FNDA:1,(anonymous_10)
DA:17,1
DA:20,1
DA:21,1
DA:22,1
DA:35,1
DA:36,1
DA:37,1
DA:38,1
DA:42,0
DA:51,0
DA:52,0
DA:53,0
DA:54,0
DA:56,0
DA:63,0
DA:68,0
DA:69,0
DA:70,0
DA:72,0
DA:78,0
DA:79,0
DA:84,0
DA:85,0
DA:86,0
DA:87,0
DA:88,0
DA:89,0
DA:94,0
DA:100,0
LF:29
LH:8
BRDA:51,0,0,0
BRDA:51,0,1,0
BRDA:68,1,0,0
BRDA:68,1,1,0
BRDA:68,2,0,0
BRDA:68,2,1,0
BRF:6
BRH:0
end_of_record
TN:
SF:/Users/andres/www/workspace/ui/src/app/routes/+share/share.component.ts
FN:28,(anonymous_3)
FN:36,(anonymous_4)
FN:39,(anonymous_5)
FN:46,(anonymous_6)
FN:53,(anonymous_7)
FN:57,(anonymous_8)
FN:65,(anonymous_9)
FN:70,(anonymous_10)
FN:74,(anonymous_11)
FN:81,(anonymous_12)
FN:97,(anonymous_13)
FN:101,(anonymous_14)
FN:105,(anonymous_15)
FNF:13
FNH:0
FNDA:0,(anonymous_3)
FNDA:0,(anonymous_4)
FNDA:0,(anonymous_5)
FNDA:0,(anonymous_6)
FNDA:0,(anonymous_7)
FNDA:0,(anonymous_8)
FNDA:0,(anonymous_9)
FNDA:0,(anonymous_10)
FNDA:0,(anonymous_11)
FNDA:0,(anonymous_12)
FNDA:0,(anonymous_13)
FNDA:0,(anonymous_14)
FNDA:0,(anonymous_15)
DA:16,1
DA:19,0
DA:24,0
DA:29,0
DA:30,0
DA:31,0
DA:32,0
DA:37,0
DA:40,0
DA:41,0
DA:42,0
DA:47,0
DA:48,0
DA:49,0
DA:50,0
DA:54,0
DA:58,0
DA:66,0
DA:67,0
DA:71,0
DA:75,0
DA:76,0
DA:78,0
DA:82,0
DA:83,0
DA:84,0
DA:85,0
DA:86,0
DA:87,0
DA:88,0
DA:91,0
DA:98,0
DA:102,0
LF:33
LH:1
BRDA:54,0,0,0
BRDA:54,0,1,0
BRDA:75,1,0,0
BRDA:75,1,1,0
BRF:4
BRH:0
end_of_record
TN:
SF:/Users/andres/www/workspace/ui/src/app/shared/bootstrap/app.bootstrap.module.ts
FNF:0
FNH:0
DA:99,1
LF:1
LH:1
BRF:0
BRH:0
end_of_record
TN:
SF:/Users/andres/www/workspace/ui/src/app/shared/components/data-list/data-list.component.ts
FN:44,(anonymous_3)
FN:31,(anonymous_4)
FN:47,(anonymous_5)
FNF:3
FNH:2
FNDA:2,(anonymous_3)
FNDA:0,(anonymous_4)
FNDA:1,(anonymous_5)
DA:21,1
DA:22,2
DA:24,2
DA:25,2
DA:26,2
DA:27,1
DA:28,2
DA:29,2
DA:31,1
DA:32,0
DA:33,0
DA:41,1
DA:42,1
DA:48,1
LF:14
LH:12
BRF:0
BRH:0
end_of_record
TN:
SF:/Users/andres/www/workspace/ui/src/app/shared/components/file-uploader/file-uploader.component.ts
FN:43,(anonymous_3)
FN:36,(anonymous_4)
FN:47,(anonymous_5)
FN:53,(anonymous_6)
FN:57,(anonymous_7)
FN:60,(anonymous_8)
FNF:6
FNH:0
FNDA:0,(anonymous_3)
FNDA:0,(anonymous_4)
FNDA:0,(anonymous_5)
FNDA:0,(anonymous_6)
FNDA:0,(anonymous_7)
FNDA:0,(anonymous_8)
DA:27,1
DA:28,1
DA:29,1
DA:30,1
DA:31,1
DA:33,0
DA:36,1
DA:37,0
DA:39,0
DA:40,0
DA:43,0
DA:44,0
DA:49,0
DA:50,0
DA:54,0
DA:61,0
DA:62,0
DA:63,0
DA:72,0
LF:19
LH:6
BRDA:37,0,0,0
BRDA:37,0,1,0
BRF:2
BRH:0
end_of_record
TN:
SF:/Users/andres/www/workspace/ui/src/app/shared/components/footer/footer.component.ts
FN:16,(anonymous_3)
FN:19,(anonymous_4)
FNF:2
FNH:2
FNDA:1,(anonymous_3)
FNDA:1,(anonymous_4)
DA:15,1
LF:1
LH:1
BRF:0
BRH:0
end_of_record
TN:
SF:/Users/andres/www/workspace/ui/src/app/shared/components/header/header.component.ts
FN:23,(anonymous_3)
FN:29,(anonymous_4)
FN:30,(anonymous_5)
FN:37,(anonymous_6)
FN:41,(anonymous_7)
FNF:5
FNH:0
FNDA:0,(anonymous_3)
FNDA:0,(anonymous_4)
FNDA:0,(anonymous_5)
FNDA:0,(anonymous_6)
FNDA:0,(anonymous_7)
DA:18,1
DA:24,0
DA:25,0
DA:26,0
DA:30,0
DA:31,0
DA:32,0
DA:38,0
DA:42,0
DA:43,0
LF:10
LH:1
BRF:0
BRH:0
end_of_record
TN:
SF:/Users/andres/www/workspace/ui/src/app/shared/components/modal/modal.component.ts
FN:44,(anonymous_3)
FN:51,(anonymous_4)
FN:58,(anonymous_5)
FN:61,(anonymous_6)
FN:63,(anonymous_7)
FN:82,(anonymous_8)
FN:83,(anonymous_9)
FN:89,(anonymous_10)
FNF:8
FNH:4
FNDA:1,(anonymous_3)
FNDA:0,(anonymous_4)
FNDA:1,(anonymous_5)
FNDA:1,(anonymous_6)
FNDA:0,(anonymous_7)
FNDA:0,(anonymous_8)
FNDA:0,(anonymous_9)
FNDA:1,(anonymous_10)
DA:31,1
DA:32,1
DA:33,1
DA:34,1
DA:35,1
DA:36,1
DA:37,1
DA:39,1
DA:45,1
DA:46,1
DA:47,1
DA:51,1
DA:53,0
DA:54,0
DA:60,1
DA:61,1
DA:65,0
DA:67,0
DA:68,0
DA:70,0
DA:71,0
DA:74,0
DA:76,0
DA:81,1
DA:82,0
DA:84,0
DA:90,1
LF:27
LH:16
BRDA:53,0,0,0
BRDA:53,0,1,0
BRDA:65,1,0,0
BRDA:65,1,1,0
BRDA:67,2,0,0
BRDA:67,2,1,0
BRF:6
BRH:0
end_of_record
TN:
SF:/Users/andres/www/workspace/ui/src/app/shared/components/modal/shared/modal.service.ts
FN:13,(anonymous_2)
FN:15,(anonymous_3)
FN:26,(anonymous_4)
FNF:3
FNH:1
FNDA:3,(anonymous_2)
FNDA:0,(anonymous_3)
FNDA:0,(anonymous_4)
DA:7,1
DA:9,3
DA:11,3
DA:16,0
DA:23,0
DA:28,0
DA:34,0
LF:7
LH:3
BRF:0
BRH:0
end_of_record
TN:
SF:/Users/andres/www/workspace/ui/src/app/shared/components/progress/progress.component.ts
FN:14,(anonymous_3)
FNF:1
FNH:1
FNDA:1,(anonymous_3)
DA:14,1
DA:15,1
LF:2
LH:2
BRF:0
BRH:0
end_of_record
TN:
SF:/Users/andres/www/workspace/ui/src/app/shared/components/searchbar/searchbar.component.ts
FN:21,(anonymous_3)
FN:23,(anonymous_4)
FN:29,(anonymous_5)
FN:34,(anonymous_6)
FN:38,(anonymous_7)
FNF:5
FNH:0
FNDA:0,(anonymous_3)
FNDA:0,(anonymous_4)
FNDA:0,(anonymous_5)
FNDA:0,(anonymous_6)
FNDA:0,(anonymous_7)
DA:13,1
DA:14,1
DA:15,1
DA:18,0
DA:24,0
DA:30,0
DA:35,0
DA:39,0
DA:40,0
LF:9
LH:3
BRDA:39,0,0,0
BRDA:39,0,1,0
BRF:2
BRH:0
end_of_record
TN:
SF:/Users/andres/www/workspace/ui/src/app/shared/components/sortby/sortby.component.ts
FN:27,(anonymous_3)
FN:30,(anonymous_4)
FN:33,(anonymous_5)
FN:34,(anonymous_6)
FN:46,(anonymous_7)
FNF:5
FNH:5
FNDA:5,(anonymous_3)
FNDA:2,(anonymous_4)
FNDA:4,(anonymous_5)
FNDA:2,(anonymous_6)
FNDA:2,(anonymous_7)
DA:20,1
DA:21,1
DA:22,1
DA:23,5
DA:24,5
DA:34,4
DA:36,4
DA:37,1
DA:39,3
DA:42,4
DA:43,4
LF:11
LH:11
BRDA:36,0,0,1
BRDA:36,0,1,3
BRF:2
BRH:2
end_of_record
TN:
SF:/Users/andres/www/workspace/ui/src/app/shared/components/svg/svg.component.ts
FN:11,(anonymous_3)
FN:13,(anonymous_4)
FNF:2
FNH:2
FNDA:1,(anonymous_3)
FNDA:2,(anonymous_4)
DA:8,1
DA:9,1
DA:14,2
LF:3
LH:3
BRF:0
BRH:0
end_of_record
TN:
SF:/Users/andres/www/workspace/ui/src/app/shared/components/svg-defs/svg-defs.component.ts
FN:9,(anonymous_3)
FNF:1
FNH:1
FNDA:3,(anonymous_3)
DA:8,1
LF:1
LH:1
BRF:0
BRH:0
end_of_record
TN:
SF:/Users/andres/www/workspace/ui/src/app/shared/components/title/title.component.ts
FN:33,(anonymous_3)
FN:39,(anonymous_4)
FN:40,(anonymous_5)
FN:47,(anonymous_6)
FN:51,(anonymous_7)
FN:55,(anonymous_8)
FN:59,(anonymous_9)
FNF:7
FNH:0
FNDA:0,(anonymous_3)
FNDA:0,(anonymous_4)
FNDA:0,(anonymous_5)
FNDA:0,(anonymous_6)
FNDA:0,(anonymous_7)
FNDA:0,(anonymous_8)
FNDA:0,(anonymous_9)
DA:24,1
DA:25,1
DA:26,1
DA:27,1
DA:28,1
DA:34,0
DA:35,0
DA:36,0
DA:40,0
DA:41,0
DA:42,0
DA:48,0
DA:52,0
DA:56,0
DA:60,0
DA:61,0
LF:16
LH:5
BRF:0
BRH:0
end_of_record
TN:
SF:/Users/andres/www/workspace/ui/src/app/shared/constants/app-constants.constant.ts
FNF:0
FNH:0
DA:3,1
DA:4,1
DA:9,1
DA:21,1
LF:4
LH:4
BRF:0
BRH:0
end_of_record
TN:
SF:/Users/andres/www/workspace/ui/src/app/shared/guards/auth.guard.ts
FN:8,(anonymous_2)
FN:13,(anonymous_3)
FNF:2
FNH:0
FNDA:0,(anonymous_2)
FNDA:0,(anonymous_3)
DA:7,1
DA:9,0
DA:10,0
DA:14,0
DA:15,0
DA:16,0
DA:18,0
DA:23,0
DA:24,0
LF:9
LH:1
BRDA:16,0,0,0
BRDA:16,0,1,0
BRF:2
BRH:0
end_of_record
TN:
SF:/Users/andres/www/workspace/ui/src/app/shared/modules/shared.module.ts
FNF:0
FNH:0
DA:27,1
LF:1
LH:1
BRF:0
BRH:0
end_of_record
TN:
SF:/Users/andres/www/workspace/ui/src/app/shared/services/api.service.ts
FN:13,(anonymous_2)
FN:16,(anonymous_3)
FN:33,(anonymous_4)
FN:52,(anonymous_5)
FN:56,(anonymous_6)
FN:60,(anonymous_7)
FN:64,(anonymous_8)
FN:68,(anonymous_9)
FN:72,(anonymous_10)
FNF:9
FNH:1
FNDA:10,(anonymous_2)
FNDA:0,(anonymous_3)
FNDA:0,(anonymous_4)
FNDA:0,(anonymous_5)
FNDA:0,(anonymous_6)
FNDA:0,(anonymous_7)
FNDA:0,(anonymous_8)
FNDA:0,(anonymous_9)
FNDA:0,(anonymous_10)
DA:8,1
DA:9,10
DA:14,10
DA:18,0
DA:19,0
DA:22,0
DA:23,0
DA:24,0
DA:26,0
DA:34,0
DA:36,0
DA:38,0
DA:40,0
DA:41,0
DA:44,0
DA:49,0
DA:53,0
DA:57,0
DA:61,0
DA:65,0
DA:69,0
DA:73,0
DA:74,0
LF:23
LH:3
BRDA:16,0,0,0
BRDA:18,1,0,0
BRDA:18,1,1,0
BRDA:27,2,0,0
BRDA:27,2,1,0
BRDA:28,3,0,0
BRDA:28,3,1,0
BRDA:38,4,0,0
BRDA:38,4,1,0
BRDA:38,5,0,0
BRDA:38,5,1,0
BRDA:38,5,2,0
BRDA:38,5,3,0
BRDA:40,6,0,0
BRDA:40,6,1,0
BRDA:40,7,0,0
BRDA:40,7,1,0
BRF:17
BRH:0
end_of_record
TN:
SF:/Users/andres/www/workspace/ui/src/app/shared/services/auth.service.ts
FN:16,(anonymous_2)
FN:20,(anonymous_3)
FN:24,(anonymous_4)
FN:29,(anonymous_5)
FN:40,(anonymous_6)
FN:45,(anonymous_7)
FN:53,(anonymous_8)
FN:59,(anonymous_9)
FN:68,(anonymous_10)
FNF:9
FNH:1
FNDA:4,(anonymous_2)
FNDA:0,(anonymous_3)
FNDA:0,(anonymous_4)
FNDA:0,(anonymous_5)
FNDA:0,(anonymous_6)
FNDA:0,(anonymous_7)
FNDA:0,(anonymous_8)
FNDA:0,(anonymous_9)
FNDA:0,(anonymous_10)
DA:10,1
DA:11,4
DA:12,4
DA:17,4
DA:21,0
DA:25,0
DA:30,0
DA:31,0
DA:32,0
DA:33,0
DA:35,0
DA:41,0
DA:46,0
DA:47,0
DA:54,0
DA:55,0
DA:60,0
DA:61,0
DA:62,0
DA:70,0
DA:71,0
DA:72,0
LF:22
LH:4
BRDA:30,0,0,0
BRDA:30,0,1,0
BRDA:30,1,0,0
BRDA:30,1,1,0
BRDA:30,1,2,0
BRDA:30,1,3,0
BRDA:46,2,0,0
BRDA:46,2,1,0
BRDA:46,3,0,0
BRDA:46,3,1,0
BRDA:46,3,2,0
BRDA:60,4,0,0
BRDA:60,4,1,0
BRF:13
BRH:0
end_of_record
TN:
SF:/Users/andres/www/workspace/ui/src/app/shared/services/client-storage.service.ts
FN:16,(anonymous_2)
FN:20,(anonymous_3)
FN:22,(anonymous_4)
FN:38,(anonymous_5)
FN:72,(anonymous_6)
FN:95,(anonymous_7)
FN:125,(anonymous_8)
FNF:7
FNH:2
FNDA:9,(anonymous_2)
FNDA:0,(anonymous_3)
FNDA:0,(anonymous_4)
FNDA:9,(anonymous_5)
FNDA:0,(anonymous_6)
FNDA:0,(anonymous_7)
FNDA:0,(anonymous_8)
DA:13,1
DA:16,9
DA:18,9
DA:20,0
DA:23,0
DA:28,9
DA:29,9
DA:31,9
DA:36,9
DA:40,9
DA:44,9
DA:45,9
DA:47,0
DA:50,9
DA:55,0
DA:56,0
DA:57,0
DA:59,0
DA:60,0
DA:63,0
DA:66,9
DA:76,0
DA:77,0
DA:79,0
DA:82,0
DA:83,0
DA:88,0
DA:99,0
DA:100,0
DA:103,0
DA:105,0
DA:106,0
DA:108,0
DA:112,0
DA:113,0
DA:115,0
DA:119,0
DA:127,0
DA:128,0
DA:130,0
DA:133,0
LF:41
LH:12
BRDA:99,0,0,0
BRDA:99,0,1,0
BRDA:103,1,0,0
BRDA:103,1,1,0
BRDA:103,2,0,0
BRDA:103,2,1,0
BRF:6
BRH:0
end_of_record
TN:
SF:/Users/andres/www/workspace/ui/src/app/shared/services/contacts.service.ts
FN:10,(anonymous_2)
FN:14,(anonymous_3)
FN:20,(anonymous_4)
FN:30,(anonymous_5)
FN:35,(anonymous_6)
FN:46,(anonymous_7)
FN:52,(anonymous_8)
FN:62,(anonymous_9)
FN:68,(anonymous_10)
FNF:9
FNH:1
FNDA:2,(anonymous_2)
FNDA:0,(anonymous_3)
FNDA:0,(anonymous_4)
FNDA:0,(anonymous_5)
FNDA:0,(anonymous_6)
FNDA:0,(anonymous_7)
FNDA:0,(anonymous_8)
FNDA:0,(anonymous_9)
FNDA:0,(anonymous_10)
DA:8,1
DA:11,2
DA:15,0
DA:21,0
DA:22,0
DA:23,0
DA:25,0
DA:31,0
DA:36,0
DA:37,0
DA:38,0
DA:40,0
DA:47,0
DA:53,0
DA:54,0
DA:55,0
DA:57,0
DA:63,0
DA:69,0
DA:70,0
DA:71,0
DA:73,0
LF:22
LH:2
BRDA:22,0,0,0
BRDA:22,0,1,0
BRDA:22,1,0,0
BRDA:22,1,1,0
BRDA:37,2,0,0
BRDA:37,2,1,0
BRDA:37,3,0,0
BRDA:37,3,1,0
BRDA:54,4,0,0
BRDA:54,4,1,0
BRDA:54,5,0,0
BRDA:54,5,1,0
BRDA:70,6,0,0
BRDA:70,6,1,0
BRDA:70,7,0,0
BRDA:70,7,1,0
BRF:16
BRH:0
end_of_record
TN:
SF:/Users/andres/www/workspace/ui/src/app/shared/services/cookies.service.ts
FN:10,(anonymous_1)
FN:19,(anonymous_2)
FN:48,(anonymous_3)
FN:57,(anonymous_4)
FN:66,(anonymous_5)
FNF:5
FNH:0
FNDA:0,(anonymous_1)
FNDA:0,(anonymous_2)
FNDA:0,(anonymous_3)
FNDA:0,(anonymous_4)
FNDA:0,(anonymous_5)
DA:8,1
DA:12,0
DA:13,0
DA:16,0
DA:21,0
DA:22,0
DA:25,0
DA:27,0
DA:29,0
DA:32,0
DA:33,0
DA:36,0
DA:37,0
DA:40,0
DA:41,0
DA:45,0
DA:50,0
DA:51,0
DA:54,0
DA:59,0
DA:60,0
DA:63,0
DA:68,0
DA:69,0
DA:71,0
DA:72,0
DA:75,0
LF:27
LH:1
BRDA:12,0,0,0
BRDA:12,0,1,0
BRDA:16,1,0,0
BRDA:16,1,1,0
BRDA:21,2,0,0
BRDA:21,2,1,0
BRDA:21,3,0,0
BRDA:21,3,1,0
BRDA:27,4,0,0
BRDA:27,4,1,0
BRDA:31,5,0,0
BRDA:31,5,1,0
BRDA:31,5,2,0
BRDA:32,6,0,0
BRDA:32,6,1,0
BRDA:45,7,0,0
BRDA:45,7,1,0
BRDA:45,8,0,0
BRDA:45,8,1,0
BRDA:45,9,0,0
BRDA:45,9,1,0
BRDA:50,10,0,0
BRDA:50,10,1,0
BRDA:54,11,0,0
BRDA:54,11,1,0
BRDA:54,12,0,0
BRDA:54,12,1,0
BRDA:59,13,0,0
BRDA:59,13,1,0
BRF:29
BRH:0
end_of_record
TN:
SF:/Users/andres/www/workspace/ui/src/app/shared/services/upload.service.ts
FN:19,(anonymous_2)
FN:24,(anonymous_3)
FN:43,(anonymous_4)
FNF:3
FNH:0
FNDA:0,(anonymous_2)
FNDA:0,(anonymous_3)
FNDA:0,(anonymous_4)
DA:15,1
DA:18,1
DA:20,0
DA:21,0
DA:25,0
DA:26,0
DA:31,0
DA:32,0
DA:34,0
DA:35,0
DA:37,0
DA:44,0
DA:45,0
DA:47,0
LF:14
LH:2
BRDA:44,0,0,0
BRDA:44,0,1,0
BRDA:44,1,0,0
BRDA:44,1,1,0
BRF:4
BRH:0
end_of_record
TN:
SF:/Users/andres/www/workspace/ui/src/app/shared/services/users.service.ts
FN:16,(anonymous_2)
FN:22,(anonymous_3)
FN:26,(anonymous_4)
FN:30,(anonymous_5)
FN:36,(anonymous_6)
FN:47,(anonymous_7)
FN:52,(anonymous_8)
FN:62,(anonymous_9)
FN:68,(anonymous_10)
FNF:9
FNH:0
FNDA:0,(anonymous_2)
FNDA:0,(anonymous_3)
FNDA:0,(anonymous_4)
FNDA:0,(anonymous_5)
FNDA:0,(anonymous_6)
FNDA:0,(anonymous_7)
FNDA:0,(anonymous_8)
FNDA:0,(anonymous_9)
FNDA:0,(anonymous_10)
DA:13,1
DA:14,0
DA:17,0
DA:18,0
DA:23,0
DA:27,0
DA:31,0
DA:32,0
DA:37,0
DA:38,0
DA:39,0
DA:40,0
DA:42,0
DA:48,0
DA:53,0
DA:54,0
DA:55,0
DA:57,0
DA:63,0
DA:69,0
DA:70,0
DA:71,0
DA:73,0
LF:23
LH:1
BRDA:38,0,0,0
BRDA:38,0,1,0
BRDA:38,1,0,0
BRDA:38,1,1,0
BRDA:54,2,0,0
BRDA:54,2,1,0
BRDA:54,3,0,0
BRDA:54,3,1,0
BRDA:70,4,0,0
BRDA:70,4,1,0
BRDA:70,5,0,0
BRDA:70,5,1,0
BRF:12
BRH:0
end_of_record
TN:
SF:/Users/andres/www/workspace/ui/src/environments/environment.ts
FNF:0
FNH:0
DA:5,1
LF:1
LH:1
BRF:0
BRH:0
end_of_record
